d:\moba_server\build\proj.win\mobagameserver\debug\vc141.pdb
d:\moba_server\build\proj.win\mobagameserver\debug\vc141.idb
d:\moba_server\build\proj.win\mobagameserver\debug\loop-watcher.obj
d:\moba_server\build\proj.win\mobagameserver\debug\handle.obj
d:\moba_server\build\proj.win\mobagameserver\debug\getnameinfo.obj
d:\moba_server\build\proj.win\mobagameserver\debug\getaddrinfo.obj
d:\moba_server\build\proj.win\mobagameserver\debug\fs.obj
d:\moba_server\build\proj.win\mobagameserver\debug\fs-event.obj
d:\moba_server\build\proj.win\mobagameserver\debug\error.obj
d:\moba_server\build\proj.win\mobagameserver\debug\dl.obj
d:\moba_server\build\proj.win\mobagameserver\debug\core.obj
d:\moba_server\build\proj.win\mobagameserver\debug\async.obj
d:\moba_server\build\proj.win\mobagameserver\debug\version.obj
d:\moba_server\build\proj.win\mobagameserver\debug\uv-common.obj
d:\moba_server\build\proj.win\mobagameserver\debug\threadpool.obj
d:\moba_server\build\proj.win\mobagameserver\debug\inet.obj
d:\moba_server\build\proj.win\mobagameserver\debug\fs-poll.obj
d:\moba_server\build\proj.win\mobagameserver\debug\http_parser.obj
d:\moba_server\build\proj.win\mobagameserver\debug\sha1.obj
d:\moba_server\build\proj.win\mobagameserver\debug\md5.obj
d:\moba_server\build\proj.win\mobagameserver\debug\base64_encoder.obj
d:\moba_server\build\proj.win\mobagameserver\debug\base64_decoder.obj
d:\moba_server\build\proj.win\mobagameserver\debug\cache_alloc.obj
d:\moba_server\build\proj.win\mobagameserver\debug\winsock.obj
d:\moba_server\build\proj.win\mobagameserver\debug\winapi.obj
d:\moba_server\build\proj.win\mobagameserver\debug\util.obj
d:\moba_server\build\proj.win\mobagameserver\debug\udp.obj
d:\moba_server\build\proj.win\mobagameserver\debug\tty.obj
d:\moba_server\build\proj.win\mobagameserver\debug\timer.obj
d:\moba_server\build\proj.win\mobagameserver\debug\thread.obj
d:\moba_server\build\proj.win\mobagameserver\debug\tcp.obj
d:\moba_server\build\proj.win\mobagameserver\debug\stream.obj
d:\moba_server\build\proj.win\mobagameserver\debug\snprintf.obj
d:\moba_server\build\proj.win\mobagameserver\debug\signal.obj
d:\moba_server\build\proj.win\mobagameserver\debug\req.obj
d:\moba_server\build\proj.win\mobagameserver\debug\process.obj
d:\moba_server\build\proj.win\mobagameserver\debug\process-stdio.obj
d:\moba_server\build\proj.win\mobagameserver\debug\poll.obj
d:\moba_server\build\proj.win\mobagameserver\debug\pipe.obj
d:\moba_server\build\proj.win\mobagameserver\debug\websocket.obj
d:\moba_server\build\proj.win\mobagameserver\debug\session_uv.obj
d:\moba_server\build\proj.win\mobagameserver\debug\netbus.obj
d:\moba_server\build\proj.win\mobagameserver\debug\main.obj
d:\moba_server\build\proj.win\debug\mobagameserver.exe
d:\moba_server\build\proj.win\debug\mobagameserver.ilk
d:\moba_server\build\proj.win\debug\mobagameserver.pdb
d:\moba_server\build\proj.win\mobagameserver\debug\mobagameserver.tlog\cl.command.1.tlog
d:\moba_server\build\proj.win\mobagameserver\debug\mobagameserver.tlog\cl.read.1.tlog
d:\moba_server\build\proj.win\mobagameserver\debug\mobagameserver.tlog\cl.write.1.tlog
d:\moba_server\build\proj.win\mobagameserver\debug\mobagameserver.tlog\link.command.1.tlog
d:\moba_server\build\proj.win\mobagameserver\debug\mobagameserver.tlog\link.read.1.tlog
d:\moba_server\build\proj.win\mobagameserver\debug\mobagameserver.tlog\link.write.1.tlog
