2018-09-12 14:41:51 DEBUG ../../apps/lua_test/scripts/main.lua:25
Server Run Success
2018-09-12 14:50:23 DEBUG ../../apps/lua_test/scripts/main.lua:25
Server Run Success
2018-09-12 15:01:13 DEBUG ../../apps/lua_test/scripts/main.lua:25
Server Run Success
2018-09-12 15:36:06 DEBUG ../../apps/lua_test/scripts/main.lua:25
Start Server Success
2018-09-12 15:36:06 ERROR trunk:0
error loading module 'echo_server' from file '../../apps/lua_test/scripts/echo_server.lua':
	../../apps/lua_test/scripts/echo_server.lua:21: unexpected symbol near '{'
2018-09-12 15:36:35 DEBUG ../../apps/lua_test/scripts/main.lua:25
Start Server Success
2018-09-12 15:36:35 ERROR trunk:0
error loading module 'echo_server' from file '../../apps/lua_test/scripts/echo_server.lua':
	../../apps/lua_test/scripts/echo_server.lua:22: <name> expected near '1'
2018-09-12 15:37:02 DEBUG ../../apps/lua_test/scripts/main.lua:25
Start Server Success
2018-09-12 15:43:28 DEBUG ../../apps/lua_test/scripts/main.lua:25
Start Server Success
2018-09-12 15:53:18 DEBUG ../../apps/lua_test/scripts/main.lua:25
Start Server Success
2018-09-12 15:57:55 DEBUG ../../apps/lua_test/scripts/main.lua:25
Start Server Success
2018-09-12 16:06:15 DEBUG ../../apps/lua_test/scripts/main.lua:25
Start Server Success
2018-09-12 16:09:25 DEBUG ../../apps/lua_test/scripts/main.lua:25
Start Server Success
2018-09-12 16:14:14 DEBUG ../../apps/lua_test/scripts/main.lua:25
Start Server Success
2018-09-12 16:15:32 DEBUG ../../apps/lua_test/scripts/main.lua:25
Start Server Success
2018-09-12 16:20:36 DEBUG ../../apps/lua_test/scripts/main.lua:25
Start Server Success
2018-09-12 16:21:33 ERROR d:\moba_server\lua_wrapper\service_export2lua.cc:70
[LUA ERROR] function refid '1' does not reference lua function
2018-09-12 16:23:44 DEBUG ../../apps/lua_test/scripts/main.lua:25
Start Server Success
2018-09-12 16:23:58 ERROR d:\moba_server\lua_wrapper\service_export2lua.cc:70
[LUA ERROR] function refid '1' does not reference lua function
2018-09-12 16:28:55 DEBUG ../../apps/lua_test/scripts/main.lua:25
Start Server Success
2018-09-12 16:29:06 DEBUG ../../apps/lua_test/scripts/echo_server.lua:2
1
2018-09-12 16:29:06 DEBUG ../../apps/lua_test/scripts/echo_server.lua:3
1
2018-09-12 16:29:06 DEBUG ../../apps/lua_test/scripts/echo_server.lua:4
0
2018-09-12 16:29:06 DEBUG ../../apps/lua_test/scripts/echo_server.lua:7
计霖
2018-09-12 16:29:06 DEBUG ../../apps/lua_test/scripts/echo_server.lua:8
20
2018-09-12 16:29:06 DEBUG ../../apps/lua_test/scripts/echo_server.lua:9
jiln@vip.qq.com
2018-09-12 16:52:08 DEBUG ../../apps/lua_test/scripts/main.lua:25
Start Server Success
2018-09-12 16:52:20 DEBUG ../../apps/lua_test/scripts/echo_server.lua:2
1
2018-09-12 16:52:20 DEBUG ../../apps/lua_test/scripts/echo_server.lua:3
1
2018-09-12 16:52:20 DEBUG ../../apps/lua_test/scripts/echo_server.lua:4
0
2018-09-12 16:52:20 DEBUG ../../apps/lua_test/scripts/echo_server.lua:7
shakker2c
2018-09-12 16:52:20 DEBUG ../../apps/lua_test/scripts/echo_server.lua:8
20
2018-09-12 16:52:20 DEBUG ../../apps/lua_test/scripts/echo_server.lua:9
jiln@vip.qq.com
2018-09-12 16:53:37 DEBUG ../../apps/lua_test/scripts/main.lua:25
Start Server Success
2018-09-12 16:53:51 DEBUG ../../apps/lua_test/scripts/echo_server.lua:2
1
2018-09-12 16:53:51 DEBUG ../../apps/lua_test/scripts/echo_server.lua:3
1
2018-09-12 16:53:51 DEBUG ../../apps/lua_test/scripts/echo_server.lua:4
0
2018-09-12 16:53:51 DEBUG ../../apps/lua_test/scripts/echo_server.lua:7
shakker2c
2018-09-12 16:53:51 DEBUG ../../apps/lua_test/scripts/echo_server.lua:8
20
2018-09-12 16:53:51 DEBUG ../../apps/lua_test/scripts/echo_server.lua:9
jiln@vip.qq.com
2018-09-12 16:58:26 DEBUG ../../apps/lua_test/scripts/main.lua:25
Start Server Success
2018-09-12 16:58:43 DEBUG ../../apps/lua_test/scripts/echo_server.lua:2
1
2018-09-12 16:58:43 DEBUG ../../apps/lua_test/scripts/echo_server.lua:3
1
2018-09-12 16:58:43 DEBUG ../../apps/lua_test/scripts/echo_server.lua:4
0
2018-09-12 16:58:43 DEBUG ../../apps/lua_test/scripts/echo_server.lua:7
shakker2c
2018-09-12 16:58:43 DEBUG ../../apps/lua_test/scripts/echo_server.lua:8
20
2018-09-12 16:58:43 DEBUG ../../apps/lua_test/scripts/echo_server.lua:9
jiln@vip.qq.com
2018-09-12 19:13:24 DEBUG ../../apps/lua_test/scripts/main.lua:25
Start Server Success
2018-09-12 19:14:20 DEBUG ../../apps/lua_test/scripts/echo_server.lua:2
1
2018-09-12 19:14:20 DEBUG ../../apps/lua_test/scripts/echo_server.lua:3
1
2018-09-12 19:14:20 DEBUG ../../apps/lua_test/scripts/echo_server.lua:4
0
2018-09-12 19:14:20 DEBUG ../../apps/lua_test/scripts/echo_server.lua:7
shakker2c
2018-09-12 19:14:20 DEBUG ../../apps/lua_test/scripts/echo_server.lua:8
20
2018-09-12 19:14:20 DEBUG ../../apps/lua_test/scripts/echo_server.lua:9
jiln@vip.qq.com
2018-09-12 19:15:29 DEBUG ../../apps/lua_test/scripts/main.lua:25
Start Server Success
2018-09-12 19:15:40 DEBUG ../../apps/lua_test/scripts/echo_server.lua:2
1
2018-09-12 19:15:40 DEBUG ../../apps/lua_test/scripts/echo_server.lua:3
1
2018-09-12 19:15:40 DEBUG ../../apps/lua_test/scripts/echo_server.lua:4
0
2018-09-12 19:15:40 DEBUG ../../apps/lua_test/scripts/echo_server.lua:7
shakker2c
2018-09-12 19:15:40 DEBUG ../../apps/lua_test/scripts/echo_server.lua:8
20
2018-09-12 19:15:40 DEBUG ../../apps/lua_test/scripts/echo_server.lua:9
jiln@vip.qq.com
2018-09-12 19:16:24 DEBUG ../../apps/lua_test/scripts/main.lua:25
Start Server Success
2018-09-12 19:16:35 DEBUG ../../apps/lua_test/scripts/echo_server.lua:2
1
2018-09-12 19:16:35 DEBUG ../../apps/lua_test/scripts/echo_server.lua:3
1
2018-09-12 19:16:35 DEBUG ../../apps/lua_test/scripts/echo_server.lua:4
0
2018-09-12 19:16:35 DEBUG ../../apps/lua_test/scripts/echo_server.lua:7
shakker2c
2018-09-12 19:16:35 DEBUG ../../apps/lua_test/scripts/echo_server.lua:8
20
2018-09-12 19:16:35 DEBUG ../../apps/lua_test/scripts/echo_server.lua:9
jiln@vip.qq.com
2018-09-12 19:33:47 DEBUG ../../apps/lua_test/scripts/main.lua:25
Start Server Success
2018-09-12 19:33:55 DEBUG ../../apps/lua_test/scripts/echo_server.lua:2
1
2018-09-12 19:33:55 DEBUG ../../apps/lua_test/scripts/echo_server.lua:3
1
2018-09-12 19:33:55 DEBUG ../../apps/lua_test/scripts/echo_server.lua:4
0
2018-09-12 19:33:55 DEBUG ../../apps/lua_test/scripts/echo_server.lua:7
shakker2c
2018-09-12 19:33:55 DEBUG ../../apps/lua_test/scripts/echo_server.lua:8
20
2018-09-12 19:33:55 DEBUG ../../apps/lua_test/scripts/echo_server.lua:9
jiln@vip.qq.com
2018-09-12 19:41:04 DEBUG ../../apps/lua_test/scripts/main.lua:25
Start Server Success
2018-09-12 19:41:12 DEBUG ../../apps/lua_test/scripts/echo_server.lua:2
1
2018-09-12 19:41:12 DEBUG ../../apps/lua_test/scripts/echo_server.lua:3
1
2018-09-12 19:41:12 DEBUG ../../apps/lua_test/scripts/echo_server.lua:4
0
2018-09-12 19:41:12 DEBUG ../../apps/lua_test/scripts/echo_server.lua:7
shakker2c
2018-09-12 19:41:12 DEBUG ../../apps/lua_test/scripts/echo_server.lua:8
20
2018-09-12 19:41:12 DEBUG ../../apps/lua_test/scripts/echo_server.lua:9
jiln@vip.qq.com
2018-09-12 19:42:26 DEBUG ../../apps/lua_test/scripts/main.lua:25
Start Server Success
2018-09-12 19:42:32 DEBUG ../../apps/lua_test/scripts/echo_server.lua:2
1
2018-09-12 19:42:32 DEBUG ../../apps/lua_test/scripts/echo_server.lua:3
1
2018-09-12 19:42:32 DEBUG ../../apps/lua_test/scripts/echo_server.lua:4
0
2018-09-12 19:42:32 DEBUG ../../apps/lua_test/scripts/echo_server.lua:7
shakker2c
2018-09-12 19:42:32 DEBUG ../../apps/lua_test/scripts/echo_server.lua:8
20
2018-09-12 19:42:32 DEBUG ../../apps/lua_test/scripts/echo_server.lua:9
jiln@vip.qq.com
2018-09-12 19:46:33 DEBUG ../../apps/lua_test/scripts/main.lua:25
Start Server Success
2018-09-12 19:46:38 DEBUG ../../apps/lua_test/scripts/echo_server.lua:2
1
2018-09-12 19:46:38 DEBUG ../../apps/lua_test/scripts/echo_server.lua:3
1
2018-09-12 19:46:38 DEBUG ../../apps/lua_test/scripts/echo_server.lua:4
0
2018-09-12 19:46:38 DEBUG ../../apps/lua_test/scripts/echo_server.lua:7
shakker2c
2018-09-12 19:46:38 DEBUG ../../apps/lua_test/scripts/echo_server.lua:8
20
2018-09-12 19:46:38 DEBUG ../../apps/lua_test/scripts/echo_server.lua:9
jiln@vip.qq.com
2018-09-12 19:46:40 DEBUG ../../apps/lua_test/scripts/echo_server.lua:18
client on disconnect
2018-09-12 19:47:29 DEBUG ../../apps/lua_test/scripts/main.lua:25
Start Server Success
2018-09-12 19:50:55 DEBUG ../../apps/lua_test/scripts/main.lua:25
Start Server Success
2018-09-12 19:51:41 DEBUG ../../apps/lua_test/scripts/echo_server.lua:2
1
2018-09-12 19:51:41 DEBUG ../../apps/lua_test/scripts/echo_server.lua:3
1
2018-09-12 19:51:41 DEBUG ../../apps/lua_test/scripts/echo_server.lua:4
0
2018-09-12 19:51:41 DEBUG ../../apps/lua_test/scripts/echo_server.lua:7
shakker2c
2018-09-12 19:51:41 DEBUG ../../apps/lua_test/scripts/echo_server.lua:8
20
2018-09-12 19:51:41 DEBUG ../../apps/lua_test/scripts/echo_server.lua:9
jiln@vip.qq.com
2018-09-12 19:59:56 DEBUG ../../apps/lua_test/scripts/main.lua:25
Start Server Success
2018-09-12 20:00:05 DEBUG ../../apps/lua_test/scripts/echo_server.lua:2
1
2018-09-12 20:00:05 DEBUG ../../apps/lua_test/scripts/echo_server.lua:3
1
2018-09-12 20:00:05 DEBUG ../../apps/lua_test/scripts/echo_server.lua:4
0
2018-09-12 20:00:05 DEBUG ../../apps/lua_test/scripts/echo_server.lua:7
shakker2c
2018-09-12 20:00:05 DEBUG ../../apps/lua_test/scripts/echo_server.lua:8
20
2018-09-12 20:00:05 DEBUG ../../apps/lua_test/scripts/echo_server.lua:9
jiln@vip.qq.com
2018-09-12 20:03:44 DEBUG ../../apps/lua_test/scripts/main.lua:25
Start Server Success
2018-09-12 20:03:51 DEBUG ../../apps/lua_test/scripts/echo_server.lua:2
1
2018-09-12 20:03:51 DEBUG ../../apps/lua_test/scripts/echo_server.lua:3
1
2018-09-12 20:03:51 DEBUG ../../apps/lua_test/scripts/echo_server.lua:4
0
2018-09-12 20:03:51 DEBUG ../../apps/lua_test/scripts/echo_server.lua:7
shakker2c
2018-09-12 20:03:51 DEBUG ../../apps/lua_test/scripts/echo_server.lua:8
20
2018-09-12 20:03:51 DEBUG ../../apps/lua_test/scripts/echo_server.lua:9
jiln@vip.qq.com
2018-09-12 20:05:56 DEBUG ../../apps/lua_test/scripts/main.lua:25
Start Server Success
2018-09-12 20:06:51 DEBUG ../../apps/lua_test/scripts/echo_server.lua:2
1
2018-09-12 20:06:51 DEBUG ../../apps/lua_test/scripts/echo_server.lua:3
1
2018-09-12 20:06:51 DEBUG ../../apps/lua_test/scripts/echo_server.lua:4
0
2018-09-12 20:06:51 DEBUG ../../apps/lua_test/scripts/echo_server.lua:7
shakker2c
2018-09-12 20:06:51 DEBUG ../../apps/lua_test/scripts/echo_server.lua:8
20
2018-09-12 20:06:51 DEBUG ../../apps/lua_test/scripts/echo_server.lua:9
jiln@vip.qq.com
2018-09-12 20:26:46 DEBUG ../../apps/lua_test/scripts/main.lua:25
Start Server Success
2018-09-12 20:26:57 DEBUG ../../apps/lua_test/scripts/echo_server.lua:2
1
2018-09-12 20:26:57 DEBUG ../../apps/lua_test/scripts/echo_server.lua:3
1
2018-09-12 20:26:57 DEBUG ../../apps/lua_test/scripts/echo_server.lua:4
0
2018-09-12 20:26:57 DEBUG ../../apps/lua_test/scripts/echo_server.lua:7
shakker2c
2018-09-12 20:26:57 DEBUG ../../apps/lua_test/scripts/echo_server.lua:8
20
2018-09-12 20:26:57 DEBUG ../../apps/lua_test/scripts/echo_server.lua:9
jiln@vip.qq.com
2018-09-12 20:31:41 DEBUG ../../apps/lua_test/scripts/main.lua:25
Start Server Success
2018-09-12 20:32:01 DEBUG ../../apps/lua_test/scripts/echo_server.lua:2
1
2018-09-12 20:32:01 DEBUG ../../apps/lua_test/scripts/echo_server.lua:3
1
2018-09-12 20:32:01 DEBUG ../../apps/lua_test/scripts/echo_server.lua:4
0
2018-09-12 20:32:01 DEBUG ../../apps/lua_test/scripts/echo_server.lua:7
shakker2c
2018-09-12 20:32:01 DEBUG ../../apps/lua_test/scripts/echo_server.lua:8
20
2018-09-12 20:32:01 DEBUG ../../apps/lua_test/scripts/echo_server.lua:9
jiln@vip.qq.com
2018-09-12 20:33:40 DEBUG ../../apps/lua_test/scripts/main.lua:25
Start Server Success
2018-09-12 20:33:47 DEBUG ../../apps/lua_test/scripts/echo_server.lua:2
1
2018-09-12 20:33:47 DEBUG ../../apps/lua_test/scripts/echo_server.lua:3
1
2018-09-12 20:33:47 DEBUG ../../apps/lua_test/scripts/echo_server.lua:4
0
2018-09-12 20:33:47 DEBUG ../../apps/lua_test/scripts/echo_server.lua:7
shakker2c
2018-09-12 20:33:47 DEBUG ../../apps/lua_test/scripts/echo_server.lua:8
20
2018-09-12 20:33:47 DEBUG ../../apps/lua_test/scripts/echo_server.lua:9
jiln@vip.qq.com
2018-09-12 20:36:11 DEBUG ../../apps/lua_test/scripts/main.lua:25
Start Server Success
2018-09-12 20:36:34 DEBUG ../../apps/lua_test/scripts/main.lua:25
Start Server Success
2018-09-12 20:43:42 DEBUG ../../apps/lua_test/scripts/main.lua:25
Start Server Success
2018-09-12 20:48:00 DEBUG ../../apps/lua_test/scripts/main.lua:25
Start Server Success
2018-09-12 20:53:36 DEBUG ../../apps/lua_test/scripts/main.lua:25
Start Server Success
2018-09-12 20:53:44 DEBUG ../../apps/lua_test/scripts/echo_server.lua:2
1
2018-09-12 20:53:44 DEBUG ../../apps/lua_test/scripts/echo_server.lua:3
1
2018-09-12 20:53:44 DEBUG ../../apps/lua_test/scripts/echo_server.lua:4
0
2018-09-12 20:53:44 DEBUG ../../apps/lua_test/scripts/echo_server.lua:7
shakker2c
2018-09-12 20:53:44 DEBUG ../../apps/lua_test/scripts/echo_server.lua:8
20
2018-09-12 20:53:44 DEBUG ../../apps/lua_test/scripts/echo_server.lua:9
jiln@vip.qq.com
2018-09-12 20:57:31 DEBUG ../../apps/lua_test/scripts/main.lua:25
Start Server Success
2018-09-12 21:00:23 DEBUG ../../apps/lua_test/scripts/main.lua:25
Start Server Success
2018-09-12 21:03:11 DEBUG ../../apps/lua_test/scripts/main.lua:25
Start Server Success
2018-09-12 21:04:33 DEBUG ../../apps/lua_test/scripts/main.lua:25
Start Server Success
2018-09-12 21:05:15 DEBUG ../../apps/lua_test/scripts/echo_server.lua:2
1
2018-09-12 21:05:15 DEBUG ../../apps/lua_test/scripts/echo_server.lua:3
1
2018-09-12 21:05:15 DEBUG ../../apps/lua_test/scripts/echo_server.lua:4
0
2018-09-12 21:05:15 DEBUG ../../apps/lua_test/scripts/echo_server.lua:7
shakker2c
2018-09-12 21:05:15 DEBUG ../../apps/lua_test/scripts/echo_server.lua:8
20
2018-09-12 21:05:15 DEBUG ../../apps/lua_test/scripts/echo_server.lua:9
jiln@vip.qq.com
2018-09-12 21:13:55 DEBUG ../../apps/lua_test/scripts/main.lua:25
Start Server Success
2018-09-12 21:15:51 DEBUG ../../apps/lua_test/scripts/main.lua:25
Start Server Success
2018-09-12 21:20:14 DEBUG ../../apps/lua_test/scripts/main.lua:25
Start Server Success
2018-09-12 21:25:05 DEBUG ../../apps/lua_test/scripts/main.lua:25
Start Server Success
2018-09-12 21:25:12 DEBUG ../../apps/lua_test/scripts/echo_server.lua:2
1
2018-09-12 21:25:12 DEBUG ../../apps/lua_test/scripts/echo_server.lua:3
1
2018-09-12 21:25:12 DEBUG ../../apps/lua_test/scripts/echo_server.lua:4
0
2018-09-12 21:25:12 DEBUG ../../apps/lua_test/scripts/echo_server.lua:7
shakker2c
2018-09-12 21:25:12 DEBUG ../../apps/lua_test/scripts/echo_server.lua:8
20
2018-09-12 21:25:12 DEBUG ../../apps/lua_test/scripts/echo_server.lua:9
jiln@vip.qq.com
2018-09-12 21:25:12 DEBUG ../../apps/lua_test/scripts/echo_server.lua:16
client on disconnect127.0.0.1 : 25432
2018-09-12 21:25:21 DEBUG ../../apps/lua_test/scripts/echo_server.lua:21
client on disconnect127.0.0.1 : 25432
2018-09-12 21:38:01 DEBUG ../../apps/lua_test/scripts/main.lua:25
Start Server Success
2018-09-12 21:38:42 DEBUG ../../apps/lua_test/scripts/main.lua:25
Start Server Success
